{"key":[0,0,0,0,0,0,0,0],"kind":{"Put":{"value":[1,0,0,0,0,0,0,0]}},"sequence":1}
{"key":[0,0,0,0,0,0,0,0],"kind":{"Put":{"value":[1,0,0,0,0,0,0,0]}},"sequence":2}
{"key":[0,0,0,0,0,0,0,0],"kind":{"Put":{"value":[1,0,0,0,0,0,0,0]}},"sequence":3}
{"key":[0,0,0,0,0,0,0,0],"kind":{"Put":{"value":[1,0,0,0,0,0,0,0]}},"sequence":4}
{"key":[0,0,0,0,0,0,0,0],"kind":{"Put":{"value":[1,0,0,0,0,0,0,0]}},"sequence":5}
{"key":[0,0,0,0,0,0,0,0],"kind":{"Put":{"value":[1,0,0,0,0,0,0,0]}},"sequence":6}
{"key":[0,0,0,0,0,0,0,0],"kind":{"Put":{"value":[1,0,0,0,0,0,0,0]}},"sequence":7}
{"key":[0,0,0,0,0,0,0,0],"kind":{"Put":{"value":[1,0,0,0,0,0,0,0]}},"sequence":8}
{"key":[0,0,0,0,0,0,0,0],"kind":{"Put":{"value":[1,0,0,0,0,0,0,0]}},"sequence":9}
{"key":[0,0,0,0,0,0,0,0],"kind":{"Put":{"value":[1,0,0,0,0,0,0,0]}},"sequence":10}
{"key":[0,0,0,0,0,0,0,0],"kind":{"Put":{"value":[1,0,0,0,0,0,0,0]}},"sequence":11}
{"key":[0,0,0,0,0,0,0,0],"kind":{"Put":{"value":[1,0,0,0,0,0,0,0]}},"sequence":12}
{"key":[0,0,0,0,0,0,0,0],"kind":{"Put":{"value":[1,0,0,0,0,0,0,0]}},"sequence":13}
{"key":[0,0,0,0,0,0,0,0],"kind":{"Put":{"value":[1,0,0,0,0,0,0,0]}},"sequence":14}
{"key":[0,0,0,0,0,0,0,0],"kind":{"Put":{"value":[1,0,0,0,0,0,0,0]}},"sequence":15}
{"key":[0,0,0,0,0,0,0,0],"kind":{"Put":{"value":[1,0,0,0,0,0,0,0]}},"sequence":16}
{"key":[0,0,0,0,0,0,0,0],"kind":{"Put":{"value":[1,0,0,0,0,0,0,0]}},"sequence":17}
{"key":[0,0,0,0,0,0,0,0],"kind":{"Put":{"value":[1,0,0,0,0,0,0,0]}},"sequence":18}
{"key":[0,0,0,0,0,0,0,0],"kind":{"Put":{"value":[1,0,0,0,0,0,0,0]}},"sequence":19}
{"key":[0,0,0,0,0,0,0,0],"kind":{"Put":{"value":[1,0,0,0,0,0,0,0]}},"sequence":20}
{"key":[0,0,0,0,0,0,0,0],"kind":{"Put":{"value":[1,0,0,0,0,0,0,0]}},"sequence":21}
{"key":[0,0,0,0,0,0,0,0],"kind":{"Put":{"value":[1,0,0,0,0,0,0,0]}},"sequence":22}
{"key":[0,0,0,0,0,0,0,0],"kind":{"Put":{"value":[1,0,0,0,0,0,0,0]}},"sequence":23}
{"key":[0,0,0,0,0,0,0,0],"kind":{"Put":{"value":[1,0,0,0,0,0,0,0]}},"sequence":24}
{"key":[0,0,0,0,0,0,0,0],"kind":{"Put":{"value":[1,0,0,0,0,0,0,0]}},"sequence":25}
